#
# A fatal error has been detected by the Java Runtime Environment:
#
#  EXCEPTION_PRIV_INSTRUCTION (0xc0000096) at pc=0x00000000029c9b39, pid=7160, tid=0x0000000000003364
#
# JRE version:  (8.0_111-b14) (build )
# Java VM: Java HotSpot(TM) 64-Bit Server VM (25.111-b14 mixed mode windows-amd64 compressed oops)
# Problematic frame:
# j  java.lang.String.charAt(I)C+0
#
# Failed to write core dump. Minidumps are not enabled by default on client versions of Windows
#
# If you would like to submit a bug report, please visit:
#   http://bugreport.java.com/bugreport/crash.jsp
#

---------------  T H R E A D  ---------------

Current thread (0x000000000267d800):  JavaThread "Unknown thread" [_thread_in_Java, id=13156, stack(0x00000000027b0000,0x00000000028b0000)]

siginfo: ExceptionCode=0xc0000096

Registers:
RAX=0x000000000000001f, RBX=0x000000000000009b, RCX=0x0000000000000008, RDX=0x0000000000000003
RSP=0x00000000028aef40, RBP=0x00000000028aef80, RSI=0x0000000016e5aaa0, RDI=0x0000000000000031
R8 =0x0000000000000004, R9 =0x0000000000000004, R10=0x0000000050a85910, R11=0x0000000016ee6c30
R12=0x0000000000000000, R13=0x0000000016e33d40, R14=0x00000000028aef98, R15=0x000000000267d800
RIP=0x00000000029c9b39, EFLAGS=0x0000000000010246

Top of Stack: (sp=0x00000000028aef40)
0x00000000028aef40:   00000000028aef40 0000000016e33d40
0x00000000028aef50:   00000000028aef98 0000000016eddb18
0x00000000028aef60:   0000000000000000 0000000016e33d68
0x00000000028aef70:   0000000000000000 00000000028aef90
0x00000000028aef80:   00000000028aefe0 00000000029b7c00
0x00000000028aef90:   000000000000001f 00000000d5585c00
0x00000000028aefa0:   00000000028aefa0 0000000016ee5555
0x00000000028aefb0:   00000000028af008 0000000016ee68f8
0x00000000028aefc0:   0000000000000000 0000000016ee55c8
0x00000000028aefd0:   00000000028aef90 00000000028af000
0x00000000028aefe0:   00000000028af050 00000000029b835d
0x00000000028aeff0:   0000000000000000 0000000000000020
0x00000000028af000:   00000000d5585c00 00000000d5585be8
0x00000000028af010:   00000000028af010 0000000016ee5657
0x00000000028af020:   00000000028af068 0000000016ee68f8
0x00000000028af030:   0000000000000000 0000000016ee5668 

Instructions: (pc=0x00000000029c9b39)
0x00000000029c9b19:   fb 11 04 24 e9 0e 00 00 00 48 83 ec 10 48 89 04
0x00000000029c9b29:   24 e9 01 00 00 00 50 41 8b 46 f8 41 0f b6 5d 01
0x00000000029c9b39:   49 ef c5 49 ba 10 31 a8 50 00 00 00 00 41 ff 24
0x00000000029c9b49:   da 66 0f 1f 44 00 00 00 00 00 00 00 00 00 00 00 


Register to memory mapping:

RAX=0x000000000000001f is an unknown value
RBX=0x000000000000009b is an unknown value
RCX=0x0000000000000008 is an unknown value
RDX=0x0000000000000003 is an unknown value
RSP=0x00000000028aef40 is pointing into the stack for thread: 0x000000000267d800
RBP=0x00000000028aef80 is pointing into the stack for thread: 0x000000000267d800
RSI=0x0000000016e5aaa0 is pointing into metadata
RDI=0x0000000000000031 is an unknown value
R8 =0x0000000000000004 is an unknown value
R9 =0x0000000000000004 is an unknown value
R10=0x0000000050a85910 is an unknown value
R11=0x0000000016ee6c30 is pointing into metadata
R12=0x0000000000000000 is an unknown value
R13=0x0000000016e33d40 is pointing into metadata
R14=0x00000000028aef98 is pointing into the stack for thread: 0x000000000267d800
R15=0x000000000267d800 is a thread


Stack: [0x00000000027b0000,0x00000000028b0000],  sp=0x00000000028aef40,  free space=1019k
Native frames: (J=compiled Java code, j=interpreted, Vv=VM code, C=native code)
C  0x00000000029c9b39


---------------  P R O C E S S  ---------------

Java Threads: ( => current thread )
=>0x000000000267d800 JavaThread "Unknown thread" [_thread_in_Java, id=13156, stack(0x00000000027b0000,0x00000000028b0000)]

Other Threads:
  0x00000000177d7800 VMThread [stack: 0x0000000018ea0000,0x0000000018fa0000] [id=14268]

VM state:not at safepoint (normal execution)

VM Mutex/Monitor currently owned by a thread: None

Heap:
 PSYoungGen      total 38400K, used 665K [0x00000000d5580000, 0x00000000d8000000, 0x0000000100000000)
  eden space 33280K, 2% used [0x00000000d5580000,0x00000000d5626670,0x00000000d7600000)
  from space 5120K, 0% used [0x00000000d7b00000,0x00000000d7b00000,0x00000000d8000000)
  to   space 5120K, 0% used [0x00000000d7600000,0x00000000d7600000,0x00000000d7b00000)
 ParOldGen       total 87552K, used 0K [0x0000000080000000, 0x0000000085580000, 0x00000000d5580000)
  object space 87552K, 0% used [0x0000000080000000,0x0000000080000000,0x0000000085580000)
 Metaspace       used 813K, capacity 4480K, committed 4480K, reserved 1056768K
  class space    used 82K, capacity 384K, committed 384K, reserved 1048576K

Card table byte_map: [0x0000000011d70000,0x0000000012180000] byte_map_base: 0x0000000011970000

Marking Bits: (ParMarkBitMap*) 0x0000000050a9a6c0
 Begin Bits: [0x0000000012a30000, 0x0000000014a30000)
 End Bits:   [0x0000000014a30000, 0x0000000016a30000)

Polling page: 0x0000000000870000

CodeCache: size=245760Kb used=390Kb max_used=390Kb free=245369Kb
 bounds [0x00000000029b0000, 0x0000000002c20000, 0x00000000119b0000]
 total_blobs=76 nmethods=0 adapters=51
 compilation: enabled

Compilation events (0 events):
No events

GC Heap History (0 events):
No events

Deoptimization events (0 events):
No events

Internal exceptions (0 events):
No events

Events (10 events):
Event: 0.031 loading class java/util/Comparator done
Event: 0.031 loading class java/lang/String$CaseInsensitiveComparator done
Event: 0.031 loading class java/lang/RuntimePermission
Event: 0.032 loading class java/security/BasicPermission
Event: 0.032 loading class java/security/Permission
Event: 0.032 loading class java/security/Guard
Event: 0.032 loading class java/security/Guard done
Event: 0.032 loading class java/security/Permission done
Event: 0.032 loading class java/security/BasicPermission done
Event: 0.032 loading class java/lang/RuntimePermission done


Dynamic libraries:
0x00007ff77b510000 - 0x00007ff77b547000 	C:\Program Files\Java\jdk1.8.0_111\bin\java.exe
0x00007ffc90c20000 - 0x00007ffc90e01000 	C:\WINDOWS\SYSTEM32\ntdll.dll
0x00007ffc8ff10000 - 0x00007ffc8ffc2000 	C:\WINDOWS\System32\KERNEL32.DLL
0x00007ffc8dd10000 - 0x00007ffc8df83000 	C:\WINDOWS\System32\KERNELBASE.dll
0x00007ffc901d0000 - 0x00007ffc90271000 	C:\WINDOWS\System32\ADVAPI32.dll
0x00007ffc90300000 - 0x00007ffc9039e000 	C:\WINDOWS\System32\msvcrt.dll
0x00007ffc905d0000 - 0x00007ffc9062b000 	C:\WINDOWS\System32\sechost.dll
0x00007ffc8f910000 - 0x00007ffc8fa34000 	C:\WINDOWS\System32\RPCRT4.dll
0x00007ffc8ffd0000 - 0x00007ffc90160000 	C:\WINDOWS\System32\USER32.dll
0x00007ffc8df90000 - 0x00007ffc8dfb0000 	C:\WINDOWS\System32\win32u.dll
0x00007ffc906d0000 - 0x00007ffc906f8000 	C:\WINDOWS\System32\GDI32.dll
0x00007ffc8db70000 - 0x00007ffc8dd02000 	C:\WINDOWS\System32\gdi32full.dll
0x00007ffc8d3c0000 - 0x00007ffc8d45f000 	C:\WINDOWS\System32\msvcp_win.dll
0x00007ffc8cff0000 - 0x00007ffc8d0ea000 	C:\WINDOWS\System32\ucrtbase.dll
0x00007ffc74d30000 - 0x00007ffc74f99000 	C:\WINDOWS\WinSxS\amd64_microsoft.windows.common-controls_6595b64144ccf1df_6.0.17134.165_none_fb429645306569ac\COMCTL32.dll
0x00007ffc90710000 - 0x00007ffc90a33000 	C:\WINDOWS\System32\combase.dll
0x00007ffc8d0f0000 - 0x00007ffc8d16a000 	C:\WINDOWS\System32\bcryptPrimitives.dll
0x00007ffc90630000 - 0x00007ffc9065d000 	C:\WINDOWS\System32\IMM32.DLL
0x0000000050b20000 - 0x0000000050bf2000 	C:\Program Files\Java\jdk1.8.0_111\jre\bin\msvcr100.dll
0x0000000050280000 - 0x0000000050b1a000 	C:\Program Files\Java\jdk1.8.0_111\jre\bin\server\jvm.dll
0x00007ffc90be0000 - 0x00007ffc90be8000 	C:\WINDOWS\System32\PSAPI.DLL
0x00007ffc8b250000 - 0x00007ffc8b273000 	C:\WINDOWS\SYSTEM32\WINMM.dll
0x00007ffc87eb0000 - 0x00007ffc87eba000 	C:\WINDOWS\SYSTEM32\VERSION.dll
0x00007ffc87e80000 - 0x00007ffc87e89000 	C:\WINDOWS\SYSTEM32\WSOCK32.dll
0x00007ffc90160000 - 0x00007ffc901cc000 	C:\WINDOWS\System32\WS2_32.dll
0x00007ffc8b220000 - 0x00007ffc8b24a000 	C:\WINDOWS\SYSTEM32\WINMMBASE.dll
0x00007ffc8dfb0000 - 0x00007ffc8dff9000 	C:\WINDOWS\System32\cfgmgr32.dll
0x0000000050270000 - 0x000000005027f000 	C:\Program Files\Java\jdk1.8.0_111\jre\bin\verify.dll
0x0000000050240000 - 0x0000000050269000 	C:\Program Files\Java\jdk1.8.0_111\jre\bin\java.dll
0x0000000050220000 - 0x0000000050236000 	C:\Program Files\Java\jdk1.8.0_111\jre\bin\zip.dll
0x00007ffc74740000 - 0x00007ffc74909000 	C:\WINDOWS\SYSTEM32\dbghelp.dll

VM Arguments:
jvm_args: -Xmx2048M -Dfile.encoding=UTF8 
java_command: C:\Program Files\Unity\Editor\Data\PlaybackEngines\AndroidPlayer/Tools\sdktools.jar -
java_class_path (initial): C:\Program Files\Unity\Editor\Data\PlaybackEngines\AndroidPlayer/Tools\sdktools.jar
Launcher Type: SUN_STANDARD

Environment Variables:
PATH=C:\ProgramData\Oracle\Java\javapath;C:\Program Files (x86)\NVIDIA Corporation\PhysX\Common;C:\WINDOWS\system32;C:\WINDOWS;C:\WINDOWS\System32\Wbem;C:\WINDOWS\System32\WindowsPowerShell\v1.0\;C:\Program Files (x86)\AMD\ATI.ACE\Core-Static;C:\Program Files (x86)\GtkSharp\2.12\bin;C:\Program Files\MATLAB\MATLAB Production Server\R2015a\runtime\win64;C:\Program Files\MATLAB\MATLAB Production Server\R2015a\bin;C:\Program Files\MATLAB\MATLAB Production Server\R2015a\polyspace\bin;C:\Program Files\Microsoft SQL Server\Client SDK\ODBC\110\Tools\Binn\;C:\Program Files (x86)\Microsoft SQL Server\120\Tools\Binn\;C:\Program Files\Microsoft SQL Server\120\Tools\Binn\;C:\Program Files\Microsoft SQL Server\120\DTS\Binn\;C:\Program Files (x86)\Windows Kits\8.1\Windows Performance Toolkit\;C:\Program Files\nodejs\;C:\Program Files\dotnet\;C:\Program Files\Microsoft SQL Server\130\Tools\Binn\;C:\WINDOWS\System32\OpenSSH\;C:\Program Files\Git\cmd;C:\Program Files\Microsoft VS Code\bin;C:\Users\ASUS\AppData\Local\Programs\Python\Python36\Scripts\;C:\Users\ASUS\AppData\Local\Programs\Python\Python36\;C:\Users\ASUS\AppData\Local\Microsoft\WindowsApps;C:\Users\ASUS\AppData\Roaming\npm;C:\Program Files\Heroku\bin;C:\Users\ASUS\AppData\Local\GitHubDesktop\bin;C:\Users\ASUS\AppData\Local\Microsoft\WindowsApps;;C:\Program Files\Microsoft VS Code\bin
USERNAME=ASUS
OS=Windows_NT
PROCESSOR_IDENTIFIER=AMD64 Family 21 Model 2 Stepping 0, AuthenticAMD



---------------  S Y S T E M  ---------------

OS: Windows 10.0 , 64 bit Build 17134 (10.0.17134.1)

CPU:total 6 (6 cores per cpu, 1 threads per core) family 21 model 2 stepping 0, cmov, cx8, fxsr, mmx, sse, sse2, sse3, ssse3, sse4.1, sse4.2, popcnt, avx, aes, clmul, mmxext, 3dnowpref, lzcnt, sse4a, tsc, tscinvbit, tscinv, bmi1

Memory: 4k page, physical 8369780k(1540948k free), swap 12433012k(1864972k free)

vm_info: Java HotSpot(TM) 64-Bit Server VM (25.111-b14) for windows-amd64 JRE (1.8.0_111-b14), built on Sep 22 2016 19:24:05 by "java_re" with MS VC++ 10.0 (VS2010)

time: Fri Jul 27 01:10:13 2018
elapsed time: 0 seconds (0d 0h 0m 0s)

